-------------------------------------------------------------------------------
Test set: edu.weber.contact.ContactServiceTest
-------------------------------------------------------------------------------
Tests run: 4, Failures: 0, Errors: 3, Skipped: 0, Time elapsed: 0 s <<< FAILURE! - in edu.weber.contact.ContactServiceTest
testGetContactsHasContact(edu.weber.contact.ContactServiceTest)  Time elapsed: 0 s  <<< ERROR!
java.lang.NullPointerException: Cannot invoke "edu.weber.repository.ContactRepository.getAllContacts()" because "this.contactRepo" is null
	at edu.weber.contact.ContactServiceTest.testGetContactsHasContact(ContactServiceTest.java:59)

testGetContactsIsNull(edu.weber.contact.ContactServiceTest)  Time elapsed: 0 s  <<< ERROR!
java.lang.NullPointerException: Cannot invoke "edu.weber.repository.ContactRepository.getAllContacts()" because "this.contactRepo" is null
	at edu.weber.contact.ContactServiceTest.testGetContactsIsNull(ContactServiceTest.java:46)

testAddContact(edu.weber.contact.ContactServiceTest)  Time elapsed: 0 s  <<< ERROR!
java.lang.NullPointerException: Cannot invoke "edu.weber.repository.ContactRepository.getAllContacts()" because "this.contactRepo" is null
	at edu.weber.contact.ContactServiceTest.testAddContact(ContactServiceTest.java:71)

