-------------------------------------------------------------------------------
Test set: edu.weber.repository.ContactRepositoryTest
-------------------------------------------------------------------------------
Tests run: 4, Failures: 0, Errors: 1, Skipped: 0, Time elapsed: 0.062 s <<< FAILURE! - in edu.weber.repository.ContactRepositoryTest
unnecessary Mockito stubbings(edu.weber.repository.ContactRepositoryTest)  Time elapsed: 0.007 s  <<< ERROR!
org.mockito.exceptions.misusing.UnnecessaryStubbingException: 

Unnecessary stubbings detected in test class: ContactRepositoryTest
Clean & maintainable test code requires zero unnecessary code.
Following stubbings are unnecessary (click to navigate to relevant line of code):
  1. -> at edu.weber.repository.ContactRepositoryTest.testAddAddress(ContactRepositoryTest.java:101)
  2. -> at edu.weber.repository.ContactRepositoryTest.testAddAddress(ContactRepositoryTest.java:102)
  3. -> at edu.weber.repository.ContactRepositoryTest.testGetAllContactsEmpty(ContactRepositoryTest.java:77)
  4. -> at edu.weber.repository.ContactRepositoryTest.testGetAllContactsEmpty(ContactRepositoryTest.java:78)
  5. -> at edu.weber.repository.ContactRepositoryTest.testGetAllContactsEmpty(ContactRepositoryTest.java:79)
  6. -> at edu.weber.repository.ContactRepositoryTest.testGetAllContactsEmpty(ContactRepositoryTest.java:81)
  7. -> at edu.weber.repository.ContactRepositoryTest.testGetAllContactsEmpty(ContactRepositoryTest.java:82)
  8. -> at edu.weber.repository.ContactRepositoryTest.testGetAllContactsEmpty(ContactRepositoryTest.java:83)
  9. -> at edu.weber.repository.ContactRepositoryTest.testGetAllContactsEmpty(ContactRepositoryTest.java:84)
  10. -> at edu.weber.repository.ContactRepositoryTest.testGetAllContactsEmpty(ContactRepositoryTest.java:85)
  11. -> at edu.weber.repository.ContactRepositoryTest.testGetAllContactsEmpty(ContactRepositoryTest.java:86)
  12. -> at edu.weber.repository.ContactRepositoryTest.testGetAllContactsEmpty(ContactRepositoryTest.java:88)
  13. -> at edu.weber.repository.ContactRepositoryTest.testGetAllContactsEmpty(ContactRepositoryTest.java:89)
Please remove unnecessary stubbings or use 'lenient' strictness. More info: javadoc for UnnecessaryStubbingException class.

