-------------------------------------------------------------------------------
Test set: edu.weber.repository.DatabaseConnectionTest
-------------------------------------------------------------------------------
Tests run: 8, Failures: 0, Errors: 8, Skipped: 0, Time elapsed: 0.707 s <<< FAILURE! - in edu.weber.repository.DatabaseConnectionTest
testGetURLStringFormat(edu.weber.repository.DatabaseConnectionTest)  Time elapsed: 0.583 s  <<< ERROR!
java.lang.reflect.InaccessibleObjectException: Unable to make protected native java.lang.Object java.lang.Object.clone() throws java.lang.CloneNotSupportedException accessible: module java.base does not "opens java.lang" to unnamed module @fad74ee
	at edu.weber.repository.DatabaseConnectionTest.setup(DatabaseConnectionTest.java)

Test mechanism  Time elapsed: 0.583 s  <<< ERROR!
java.lang.reflect.InaccessibleObjectException: Unable to make protected native java.lang.Object java.lang.Object.clone() throws java.lang.CloneNotSupportedException accessible: module java.base does not "opens java.lang" to unnamed module @fad74ee

testGetURLString(edu.weber.repository.DatabaseConnectionTest)  Time elapsed: 0 s  <<< ERROR!
java.lang.reflect.InaccessibleObjectException: Unable to make protected native java.lang.Object java.lang.Object.clone() throws java.lang.CloneNotSupportedException accessible: module java.base does not "opens java.lang" to unnamed module @fad74ee
	at edu.weber.repository.DatabaseConnectionTest.setup(DatabaseConnectionTest.java)

Test mechanism  Time elapsed: 0.001 s  <<< ERROR!
java.lang.reflect.InaccessibleObjectException: Unable to make protected native java.lang.Object java.lang.Object.clone() throws java.lang.CloneNotSupportedException accessible: module java.base does not "opens java.lang" to unnamed module @fad74ee

testGetDataSource(edu.weber.repository.DatabaseConnectionTest)  Time elapsed: 0 s  <<< ERROR!
java.lang.reflect.InaccessibleObjectException: Unable to make protected native java.lang.Object java.lang.Object.clone() throws java.lang.CloneNotSupportedException accessible: module java.base does not "opens java.lang" to unnamed module @fad74ee
	at edu.weber.repository.DatabaseConnectionTest.setup(DatabaseConnectionTest.java)

Test mechanism  Time elapsed: 0 s  <<< ERROR!
java.lang.reflect.InaccessibleObjectException: Unable to make protected native java.lang.Object java.lang.Object.clone() throws java.lang.CloneNotSupportedException accessible: module java.base does not "opens java.lang" to unnamed module @fad74ee

testDatabaseFails(edu.weber.repository.DatabaseConnectionTest)  Time elapsed: 0.001 s  <<< ERROR!
java.lang.reflect.InaccessibleObjectException: Unable to make protected native java.lang.Object java.lang.Object.clone() throws java.lang.CloneNotSupportedException accessible: module java.base does not "opens java.lang" to unnamed module @fad74ee
	at edu.weber.repository.DatabaseConnectionTest.setup(DatabaseConnectionTest.java)

Test mechanism  Time elapsed: 0.001 s  <<< ERROR!
java.lang.reflect.InaccessibleObjectException: Unable to make protected native java.lang.Object java.lang.Object.clone() throws java.lang.CloneNotSupportedException accessible: module java.base does not "opens java.lang" to unnamed module @fad74ee

