<?xml version="1.0" encoding="UTF-8"?>
<testsuite xmlns:xsi="http://www.w3.org/2001/XMLSchema-instance" xsi:noNamespaceSchemaLocation="https://maven.apache.org/surefire/maven-surefire-plugin/xsd/surefire-test-report.xsd" name="edu.weber.repository.DatabaseConnectionTest" time="0.707" tests="8" errors="8" skipped="0" failures="0">
  <properties>
[...]
</properties>
  <testcase name="testGetURLStringFormat" classname="edu.weber.repository.DatabaseConnectionTest" time="0.583">
    <error message="Unable to make protected native java.lang.Object java.lang.Object.clone() throws java.lang.CloneNotSupportedException accessible: module java.base does not &quot;opens java.lang&quot; to unnamed module @fad74ee" type="java.lang.reflect.InaccessibleObjectException">java.lang.reflect.InaccessibleObjectException: Unable to make protected native java.lang.Object java.lang.Object.clone() throws java.lang.CloneNotSupportedException accessible: module java.base does not "opens java.lang" to unnamed module @fad74ee
	at edu.weber.repository.DatabaseConnectionTest.setup(DatabaseConnectionTest.java)
</error>
  </testcase>
  <testcase name="Test mechanism" classname="Test mechanism" time="0.583">
    <error message="Unable to make protected native java.lang.Object java.lang.Object.clone() throws java.lang.CloneNotSupportedException accessible: module java.base does not &quot;opens java.lang&quot; to unnamed module @fad74ee" type="java.lang.reflect.InaccessibleObjectException">java.lang.reflect.InaccessibleObjectException: Unable to make protected native java.lang.Object java.lang.Object.clone() throws java.lang.CloneNotSupportedException accessible: module java.base does not "opens java.lang" to unnamed module @fad74ee
</error>
  </testcase>
  <testcase name="Test mechanism" classname="Test mechanism" time="0.001">
    <error message="Unable to make protected native java.lang.Object java.lang.Object.clone() throws java.lang.CloneNotSupportedException accessible: module java.base does not &quot;opens java.lang&quot; to unnamed module @fad74ee" type="java.lang.reflect.InaccessibleObjectException">java.lang.reflect.InaccessibleObjectException: Unable to make protected native java.lang.Object java.lang.Object.clone() throws java.lang.CloneNotSupportedException accessible: module java.base does not "opens java.lang" to unnamed module @fad74ee
</error>
  </testcase>
  <testcase name="Test mechanism" classname="Test mechanism" time="0">
    <error message="Unable to make protected native java.lang.Object java.lang.Object.clone() throws java.lang.CloneNotSupportedException accessible: module java.base does not &quot;opens java.lang&quot; to unnamed module @fad74ee" type="java.lang.reflect.InaccessibleObjectException">java.lang.reflect.InaccessibleObjectException: Unable to make protected native java.lang.Object java.lang.Object.clone() throws java.lang.CloneNotSupportedException accessible: module java.base does not "opens java.lang" to unnamed module @fad74ee
</error>
  </testcase>
  <testcase name="Test mechanism" classname="Test mechanism" time="0.001">
    <error message="Unable to make protected native java.lang.Object java.lang.Object.clone() throws java.lang.CloneNotSupportedException accessible: module java.base does not &quot;opens java.lang&quot; to unnamed module @fad74ee" type="java.lang.reflect.InaccessibleObjectException">java.lang.reflect.InaccessibleObjectException: Unable to make protected native java.lang.Object java.lang.Object.clone() throws java.lang.CloneNotSupportedException accessible: module java.base does not "opens java.lang" to unnamed module @fad74ee
</error>
  </testcase>
  <testcase name="testGetURLString" classname="edu.weber.repository.DatabaseConnectionTest" time="0">
    <error message="Unable to make protected native java.lang.Object java.lang.Object.clone() throws java.lang.CloneNotSupportedException accessible: module java.base does not &quot;opens java.lang&quot; to unnamed module @fad74ee" type="java.lang.reflect.InaccessibleObjectException">java.lang.reflect.InaccessibleObjectException: Unable to make protected native java.lang.Object java.lang.Object.clone() throws java.lang.CloneNotSupportedException accessible: module java.base does not "opens java.lang" to unnamed module @fad74ee
	at edu.weber.repository.DatabaseConnectionTest.setup(DatabaseConnectionTest.java)
</error>
  </testcase>
  <testcase name="testGetDataSource" classname="edu.weber.repository.DatabaseConnectionTest" time="0">
    <error message="Unable to make protected native java.lang.Object java.lang.Object.clone() throws java.lang.CloneNotSupportedException accessible: module java.base does not &quot;opens java.lang&quot; to unnamed module @fad74ee" type="java.lang.reflect.InaccessibleObjectException">java.lang.reflect.InaccessibleObjectException: Unable to make protected native java.lang.Object java.lang.Object.clone() throws java.lang.CloneNotSupportedException accessible: module java.base does not "opens java.lang" to unnamed module @fad74ee
	at edu.weber.repository.DatabaseConnectionTest.setup(DatabaseConnectionTest.java)
</error>
  </testcase>
  <testcase name="testDatabaseFails" classname="edu.weber.repository.DatabaseConnectionTest" time="0.001">
    <error message="Unable to make protected native java.lang.Object java.lang.Object.clone() throws java.lang.CloneNotSupportedException accessible: module java.base does not &quot;opens java.lang&quot; to unnamed module @fad74ee" type="java.lang.reflect.InaccessibleObjectException">java.lang.reflect.InaccessibleObjectException: Unable to make protected native java.lang.Object java.lang.Object.clone() throws java.lang.CloneNotSupportedException accessible: module java.base does not "opens java.lang" to unnamed module @fad74ee
	at edu.weber.repository.DatabaseConnectionTest.setup(DatabaseConnectionTest.java)
</error>
  </testcase>
</testsuite>